
LED.elf:     file format elf32-littleriscv
LED.elf
architecture: riscv:rv32, flags 0x00000112:
EXEC_P, HAS_SYMS, D_PAGED
start address 0x00000000

Program Header:
    LOAD off    0x00001000 vaddr 0x00000000 paddr 0x00000000 align 2**12
         filesz 0x00000594 memsz 0x00000594 flags r-x
    LOAD off    0x00002000 vaddr 0x20000000 paddr 0x00000594 align 2**12
         filesz 0x00000008 memsz 0x00000010 flags rw-
    LOAD off    0x00002800 vaddr 0x20004800 paddr 0x20004800 align 2**12
         filesz 0x00000000 memsz 0x00000800 flags rw-

Sections:
Idx Name          Size      VMA       LMA       File off  Algn
  0 .init         00000038  00000000  00000000  00001000  2**1
                  CONTENTS, ALLOC, LOAD, READONLY, CODE
  1 .vector       00000108  00000038  00000038  00001038  2**1
                  CONTENTS, ALLOC, LOAD, READONLY, CODE
  2 .text         00000454  00000140  00000140  00001140  2**1
                  CONTENTS, ALLOC, LOAD, READONLY, CODE
  3 .fini         00000000  00000594  00000594  00002008  2**0
                  CONTENTS, ALLOC, LOAD, CODE
  4 .dalign       00000000  20000000  20000000  00002008  2**0
                  CONTENTS
  5 .dlalign      00000000  00000594  00000594  00002008  2**0
                  CONTENTS
  6 .data         00000008  20000000  00000594  00002000  2**2
                  CONTENTS, ALLOC, LOAD, DATA
  7 .bss          00000008  20000008  0000059c  00002008  2**1
                  ALLOC
  8 .stack        00000800  20004800  20004800  00002800  2**0
                  ALLOC
  9 .debug_info   00005d77  00000000  00000000  00002008  2**0
                  CONTENTS, READONLY, DEBUGGING
 10 .debug_abbrev 000012c8  00000000  00000000  00007d7f  2**0
                  CONTENTS, READONLY, DEBUGGING
 11 .debug_aranges 000002d8  00000000  00000000  00009048  2**3
                  CONTENTS, READONLY, DEBUGGING
 12 .debug_ranges 00000280  00000000  00000000  00009320  2**3
                  CONTENTS, READONLY, DEBUGGING
 13 .debug_line   00003a32  00000000  00000000  000095a0  2**0
                  CONTENTS, READONLY, DEBUGGING
 14 .debug_str    00001052  00000000  00000000  0000cfd2  2**0
                  CONTENTS, READONLY, DEBUGGING
 15 .comment      00000033  00000000  00000000  0000e024  2**0
                  CONTENTS, READONLY
 16 .debug_frame  000004f4  00000000  00000000  0000e058  2**2
                  CONTENTS, READONLY, DEBUGGING
 17 .debug_loc    00001208  00000000  00000000  0000e54c  2**0
                  CONTENTS, READONLY, DEBUGGING
SYMBOL TABLE:
00000000 l    d  .init	00000000 .init
00000038 l    d  .vector	00000000 .vector
00000140 l    d  .text	00000000 .text
00000594 l    d  .fini	00000000 .fini
20000000 l    d  .dalign	00000000 .dalign
00000594 l    d  .dlalign	00000000 .dlalign
20000000 l    d  .data	00000000 .data
20000008 l    d  .bss	00000000 .bss
20004800 l    d  .stack	00000000 .stack
00000000 l    d  .debug_info	00000000 .debug_info
00000000 l    d  .debug_abbrev	00000000 .debug_abbrev
00000000 l    d  .debug_aranges	00000000 .debug_aranges
00000000 l    d  .debug_ranges	00000000 .debug_ranges
00000000 l    d  .debug_line	00000000 .debug_line
00000000 l    d  .debug_str	00000000 .debug_str
00000000 l    d  .comment	00000000 .comment
00000000 l    d  .debug_frame	00000000 .debug_frame
00000000 l    d  .debug_loc	00000000 .debug_loc
00000000 l    df *ABS*	00000000 ./Startup/startup_ch32v20x_D6.o
00000038 l       .vector	00000000 _vector_base
00000000 l    df *ABS*	00000000 ch32v20x_it.c
00000000 l    df *ABS*	00000000 main.c
00000000 l    df *ABS*	00000000 system_ch32v20x.c
00000000 l    df *ABS*	00000000 ch32v20x_gpio.c
00000000 l    df *ABS*	00000000 ch32v20x_rcc.c
00000000 l    df *ABS*	00000000 led.c
00000000 l    df *ABS*	00000000 debug.c
2000000a l     O .bss	00000002 p_ms
2000000c l     O .bss	00000001 p_us
000002f6  w      .text	00000000 EXTI2_IRQHandler
20000800 g       .data	00000000 __global_pointer$
00000148 g     F .text	00000028 .hidden __riscv_save_8
0000031c  w      .text	00000000 TIM1_CC_IRQHandler
000001a4 g     F .text	00000002 HardFault_Handler
00000194 g     F .text	0000000c .hidden __riscv_restore_3
000002e2  w      .text	00000000 SysTick_Handler
000002e8  w      .text	00000000 PVD_IRQHandler
00000180 g     F .text	00000020 .hidden __riscv_restore_10
000001a0 g     F .text	00000004 NMI_Handler
000002f8  w      .text	00000000 EXTI3_IRQHandler
00000148 g     F .text	00000028 .hidden __riscv_save_11
20000008 g       .bss	00000000 _sbss
00000800 g       *ABS*	00000000 __stack_size
00000194 g     F .text	0000000c .hidden __riscv_restore_2
000002f2  w      .text	00000000 EXTI0_IRQHandler
00000328  w      .text	00000000 I2C2_EV_IRQHandler
20000000 g     O .data	00000004 SystemCoreClock
00000038 g       .init	00000000 _einit
000004e6 g     F .text	0000001e RCC_APB2PeriphClockCmd
00000140 g     F .text	00000030 .hidden __riscv_save_12
0000030a  w      .text	00000000 ADC1_2_IRQHandler
000003c6 g     F .text	000000f2 GPIO_Init
000002e0  w      .text	00000000 Break_Point_Handler
00000180 g     F .text	00000020 .hidden __riscv_restore_11
0000032c  w      .text	00000000 SPI1_IRQHandler
00000170 g     F .text	0000000c .hidden __riscv_save_1
000002ea  w      .text	00000000 TAMPER_IRQHandler
00000504 g     F .text	00000030 LED_Init
00000194 g     F .text	0000000c .hidden __riscv_restore_0
00000156 g     F .text	0000001a .hidden __riscv_save_7
000002dc  w      .text	00000000 Ecall_M_Mode_Handler
20004800 g       .stack	00000000 _heap_end
0000018a g     F .text	00000016 .hidden __riscv_restore_5
00000302  w      .text	00000000 DMA1_Channel4_IRQHandler
0000018a g     F .text	00000016 .hidden __riscv_restore_6
00000334  w      .text	00000000 USART3_IRQHandler
000002ec  w      .text	00000000 RTC_IRQHandler
20000010 g       .bss	00000000 _ebss
00000308  w      .text	00000000 DMA1_Channel7_IRQHandler
00000310  w      .text	00000000 CAN1_RX1_IRQHandler
00000534 g     F .text	0000002a Delay_Init
000004b8 g     F .text	00000014 GPIO_SetBits
00000322  w      .text	00000000 TIM4_IRQHandler
00000148 g     F .text	00000028 .hidden __riscv_save_9
000004cc g     F .text	0000001a GPIO_WriteBit
00000156 g     F .text	0000001a .hidden __riscv_save_4
00000324  w      .text	00000000 I2C1_EV_IRQHandler
0000033c  w      .text	00000000 USBHD_IRQHandler
00000306  w      .text	00000000 DMA1_Channel6_IRQHandler
00000340  w      .text	00000000 UART4_IRQHandler
00000320  w      .text	00000000 TIM3_IRQHandler
000002f0  w      .text	00000000 RCC_IRQHandler
00000170 g     F .text	0000000c .hidden __riscv_save_3
0000031a  w      .text	00000000 TIM1_TRG_COM_IRQHandler
000002fc  w      .text	00000000 DMA1_Channel1_IRQHandler
00000000 g       .init	00000000 _start
00000336  w      .text	00000000 EXTI15_10_IRQHandler
00000342  w      .text	00000000 DMA1_Channel8_IRQHandler
20000000 g       .dalign	00000000 _data_vma
20000008 g     O .bss	00000001 MCU_Version
00000314  w      .text	00000000 EXTI9_5_IRQHandler
00000148 g     F .text	00000028 .hidden __riscv_save_10
0000018a g     F .text	00000016 .hidden __riscv_restore_4
00000180 g     F .text	00000020 .hidden __riscv_restore_8
00000156 g     F .text	0000001a .hidden __riscv_save_6
0000032e  w      .text	00000000 SPI2_IRQHandler
00000180 g     F .text	00000020 .hidden __riscv_restore_9
0000018a g     F .text	00000016 .hidden __riscv_restore_7
000001a6 g     F .text	00000048 main
00000304  w      .text	00000000 DMA1_Channel5_IRQHandler
000002fa  w      .text	00000000 EXTI4_IRQHandler
0000055e g     F .text	00000036 Delay_Ms
0000030e  w      .text	00000000 USB_LP_CAN1_RX0_IRQHandler
000001ee g     F .text	000000ea SystemInit
0000030c  w      .text	00000000 USB_HP_CAN1_TX_IRQHandler
00000000 g       .init	00000000 _sinit
0000033e  w      .text	00000000 USBHDWakeUp_IRQHandler
00000300  w      .text	00000000 DMA1_Channel3_IRQHandler
00000318  w      .text	00000000 TIM1_UP_IRQHandler
000002e6  w      .text	00000000 WWDG_IRQHandler
000002de  w      .text	00000000 Ecall_U_Mode_Handler
0000031e  w      .text	00000000 TIM2_IRQHandler
20005000 g       .stack	00000000 _eusrstack
00000170 g     F .text	0000000c .hidden __riscv_save_2
000002e4  w      .text	00000000 SW_Handler
00000316  w      .text	00000000 TIM1_BRK_IRQHandler
000002f4  w      .text	00000000 EXTI1_IRQHandler
00000156 g     F .text	0000001a .hidden __riscv_save_5
20000008 g       .data	00000000 _edata
20000010 g       .bss	00000000 _end
00000338  w      .text	00000000 RTCAlarm_IRQHandler
00000594 g       .dlalign	00000000 _data_lma
00000332  w      .text	00000000 USART2_IRQHandler
0000032a  w      .text	00000000 I2C2_ER_IRQHandler
000002fe  w      .text	00000000 DMA1_Channel2_IRQHandler
0000017c g     F .text	00000024 .hidden __riscv_restore_12
00000344  w      .text	00000000 handle_reset
00000312  w      .text	00000000 CAN1_SCE_IRQHandler
00000170 g     F .text	0000000c .hidden __riscv_save_0
000002ee  w      .text	00000000 FLASH_IRQHandler
00000330  w      .text	00000000 USART1_IRQHandler
00000326  w      .text	00000000 I2C1_ER_IRQHandler
00000194 g     F .text	0000000c .hidden __riscv_restore_1
0000033a  w      .text	00000000 USBWakeUp_IRQHandler



Disassembly of section .init:

00000000 <_sinit>:
   0:	3440006f          	j	344 <handle_reset>
   4:	00000013          	nop
   8:	00000013          	nop
   c:	00000013          	nop
  10:	00000013          	nop
  14:	00000013          	nop
  18:	00000013          	nop
  1c:	00000013          	nop
  20:	00000013          	nop
  24:	00000013          	nop
  28:	00000013          	nop
  2c:	00000013          	nop
  30:	00000013          	nop
  34:	00100073          	ebreak

Disassembly of section .vector:

00000038 <_vector_base>:
	...
  40:	01a0                	addi	s0,sp,200
  42:	0000                	unimp
  44:	01a4                	addi	s1,sp,200
  46:	0000                	unimp
  48:	0000                	unimp
  4a:	0000                	unimp
  4c:	02dc                	addi	a5,sp,324
	...
  56:	0000                	unimp
  58:	02de                	slli	t0,t0,0x17
  5a:	0000                	unimp
  5c:	02e0                	addi	s0,sp,332
	...
  66:	0000                	unimp
  68:	02e2                	slli	t0,t0,0x18
  6a:	0000                	unimp
  6c:	0000                	unimp
  6e:	0000                	unimp
  70:	02e4                	addi	s1,sp,332
  72:	0000                	unimp
  74:	0000                	unimp
  76:	0000                	unimp
  78:	02e6                	slli	t0,t0,0x19
  7a:	0000                	unimp
  7c:	02e8                	addi	a0,sp,332
  7e:	0000                	unimp
  80:	02ea                	slli	t0,t0,0x1a
  82:	0000                	unimp
  84:	02ec                	addi	a1,sp,332
  86:	0000                	unimp
  88:	02ee                	slli	t0,t0,0x1b
  8a:	0000                	unimp
  8c:	02f0                	addi	a2,sp,332
  8e:	0000                	unimp
  90:	02f2                	slli	t0,t0,0x1c
  92:	0000                	unimp
  94:	02f4                	addi	a3,sp,332
  96:	0000                	unimp
  98:	02f6                	slli	t0,t0,0x1d
  9a:	0000                	unimp
  9c:	02f8                	addi	a4,sp,332
  9e:	0000                	unimp
  a0:	02fa                	slli	t0,t0,0x1e
  a2:	0000                	unimp
  a4:	02fc                	addi	a5,sp,332
  a6:	0000                	unimp
  a8:	02fe                	slli	t0,t0,0x1f
  aa:	0000                	unimp
  ac:	0300                	addi	s0,sp,384
  ae:	0000                	unimp
  b0:	0302                	c.slli64	t1
  b2:	0000                	unimp
  b4:	0304                	addi	s1,sp,384
  b6:	0000                	unimp
  b8:	0306                	slli	t1,t1,0x1
  ba:	0000                	unimp
  bc:	0308                	addi	a0,sp,384
  be:	0000                	unimp
  c0:	030a                	slli	t1,t1,0x2
  c2:	0000                	unimp
  c4:	030c                	addi	a1,sp,384
  c6:	0000                	unimp
  c8:	030e                	slli	t1,t1,0x3
  ca:	0000                	unimp
  cc:	0310                	addi	a2,sp,384
  ce:	0000                	unimp
  d0:	0312                	slli	t1,t1,0x4
  d2:	0000                	unimp
  d4:	0314                	addi	a3,sp,384
  d6:	0000                	unimp
  d8:	0316                	slli	t1,t1,0x5
  da:	0000                	unimp
  dc:	0318                	addi	a4,sp,384
  de:	0000                	unimp
  e0:	031a                	slli	t1,t1,0x6
  e2:	0000                	unimp
  e4:	031c                	addi	a5,sp,384
  e6:	0000                	unimp
  e8:	031e                	slli	t1,t1,0x7
  ea:	0000                	unimp
  ec:	0320                	addi	s0,sp,392
  ee:	0000                	unimp
  f0:	0322                	slli	t1,t1,0x8
  f2:	0000                	unimp
  f4:	0324                	addi	s1,sp,392
  f6:	0000                	unimp
  f8:	0326                	slli	t1,t1,0x9
  fa:	0000                	unimp
  fc:	0328                	addi	a0,sp,392
  fe:	0000                	unimp
 100:	032a                	slli	t1,t1,0xa
 102:	0000                	unimp
 104:	032c                	addi	a1,sp,392
 106:	0000                	unimp
 108:	032e                	slli	t1,t1,0xb
 10a:	0000                	unimp
 10c:	0330                	addi	a2,sp,392
 10e:	0000                	unimp
 110:	0332                	slli	t1,t1,0xc
 112:	0000                	unimp
 114:	0334                	addi	a3,sp,392
 116:	0000                	unimp
 118:	0336                	slli	t1,t1,0xd
 11a:	0000                	unimp
 11c:	0338                	addi	a4,sp,392
 11e:	0000                	unimp
 120:	033a                	slli	t1,t1,0xe
 122:	0000                	unimp
 124:	033c                	addi	a5,sp,392
 126:	0000                	unimp
 128:	033e                	slli	t1,t1,0xf
 12a:	0000                	unimp
 12c:	0340                	addi	s0,sp,388
 12e:	0000                	unimp
 130:	0342                	slli	t1,t1,0x10
	...

Disassembly of section .text:

00000140 <__riscv_save_12>:
 140:	7139                	addi	sp,sp,-64
 142:	4301                	li	t1,0
 144:	c66e                	sw	s11,12(sp)
 146:	a019                	j	14c <__riscv_save_10+0x4>

00000148 <__riscv_save_10>:
 148:	7139                	addi	sp,sp,-64
 14a:	5341                	li	t1,-16
 14c:	c86a                	sw	s10,16(sp)
 14e:	ca66                	sw	s9,20(sp)
 150:	cc62                	sw	s8,24(sp)
 152:	ce5e                	sw	s7,28(sp)
 154:	a019                	j	15a <__riscv_save_4+0x4>

00000156 <__riscv_save_4>:
 156:	7139                	addi	sp,sp,-64
 158:	5301                	li	t1,-32
 15a:	d05a                	sw	s6,32(sp)
 15c:	d256                	sw	s5,36(sp)
 15e:	d452                	sw	s4,40(sp)
 160:	d64e                	sw	s3,44(sp)
 162:	d84a                	sw	s2,48(sp)
 164:	da26                	sw	s1,52(sp)
 166:	dc22                	sw	s0,56(sp)
 168:	de06                	sw	ra,60(sp)
 16a:	40610133          	sub	sp,sp,t1
 16e:	8282                	jr	t0

00000170 <__riscv_save_0>:
 170:	1141                	addi	sp,sp,-16
 172:	c04a                	sw	s2,0(sp)
 174:	c226                	sw	s1,4(sp)
 176:	c422                	sw	s0,8(sp)
 178:	c606                	sw	ra,12(sp)
 17a:	8282                	jr	t0

0000017c <__riscv_restore_12>:
 17c:	4db2                	lw	s11,12(sp)
 17e:	0141                	addi	sp,sp,16

00000180 <__riscv_restore_10>:
 180:	4d02                	lw	s10,0(sp)
 182:	4c92                	lw	s9,4(sp)
 184:	4c22                	lw	s8,8(sp)
 186:	4bb2                	lw	s7,12(sp)
 188:	0141                	addi	sp,sp,16

0000018a <__riscv_restore_4>:
 18a:	4b02                	lw	s6,0(sp)
 18c:	4a92                	lw	s5,4(sp)
 18e:	4a22                	lw	s4,8(sp)
 190:	49b2                	lw	s3,12(sp)
 192:	0141                	addi	sp,sp,16

00000194 <__riscv_restore_0>:
 194:	4902                	lw	s2,0(sp)
 196:	4492                	lw	s1,4(sp)
 198:	4422                	lw	s0,8(sp)
 19a:	40b2                	lw	ra,12(sp)
 19c:	0141                	addi	sp,sp,16
 19e:	8082                	ret

000001a0 <NMI_Handler>:
 1a0:	30200073          	mret

000001a4 <HardFault_Handler>:
 1a4:	a001                	j	1a4 <HardFault_Handler>

000001a6 <main>:
 1a6:	fcbff2ef          	jal	t0,170 <__riscv_save_0>
 1aa:	40011437          	lui	s0,0x40011
 1ae:	2659                	jal	534 <Delay_Init>
 1b0:	4901                	li	s2,0
 1b2:	2e89                	jal	504 <LED_Init>
 1b4:	4481                	li	s1,0
 1b6:	80040413          	addi	s0,s0,-2048 # 40010800 <_eusrstack+0x2000b800>
 1ba:	0fa00513          	li	a0,250
 1be:	2645                	jal	55e <Delay_Ms>
 1c0:	c08d                	beqz	s1,1e2 <main+0x3c>
 1c2:	4601                	li	a2,0
 1c4:	4481                	li	s1,0
 1c6:	8522                	mv	a0,s0
 1c8:	4585                	li	a1,1
 1ca:	2609                	jal	4cc <GPIO_WriteBit>
 1cc:	0fa00513          	li	a0,250
 1d0:	2679                	jal	55e <Delay_Ms>
 1d2:	00090b63          	beqz	s2,1e8 <main+0x42>
 1d6:	4601                	li	a2,0
 1d8:	4901                	li	s2,0
 1da:	4589                	li	a1,2
 1dc:	8522                	mv	a0,s0
 1de:	24fd                	jal	4cc <GPIO_WriteBit>
 1e0:	bfe9                	j	1ba <main+0x14>
 1e2:	4605                	li	a2,1
 1e4:	4485                	li	s1,1
 1e6:	b7c5                	j	1c6 <main+0x20>
 1e8:	4605                	li	a2,1
 1ea:	4905                	li	s2,1
 1ec:	b7fd                	j	1da <main+0x34>

000001ee <SystemInit>:
 1ee:	400217b7          	lui	a5,0x40021
 1f2:	4398                	lw	a4,0(a5)
 1f4:	f8ff06b7          	lui	a3,0xf8ff0
 1f8:	1141                	addi	sp,sp,-16
 1fa:	00176713          	ori	a4,a4,1
 1fe:	c398                	sw	a4,0(a5)
 200:	43d8                	lw	a4,4(a5)
 202:	00020637          	lui	a2,0x20
 206:	8f75                	and	a4,a4,a3
 208:	c3d8                	sw	a4,4(a5)
 20a:	4398                	lw	a4,0(a5)
 20c:	fef706b7          	lui	a3,0xfef70
 210:	16fd                	addi	a3,a3,-1
 212:	8f75                	and	a4,a4,a3
 214:	c398                	sw	a4,0(a5)
 216:	4398                	lw	a4,0(a5)
 218:	fffc06b7          	lui	a3,0xfffc0
 21c:	16fd                	addi	a3,a3,-1
 21e:	8f75                	and	a4,a4,a3
 220:	c398                	sw	a4,0(a5)
 222:	43d8                	lw	a4,4(a5)
 224:	ff8106b7          	lui	a3,0xff810
 228:	16fd                	addi	a3,a3,-1
 22a:	8f75                	and	a4,a4,a3
 22c:	c3d8                	sw	a4,4(a5)
 22e:	009f0737          	lui	a4,0x9f0
 232:	c798                	sw	a4,8(a5)
 234:	c402                	sw	zero,8(sp)
 236:	c602                	sw	zero,12(sp)
 238:	4398                	lw	a4,0(a5)
 23a:	66c1                	lui	a3,0x10
 23c:	8f55                	or	a4,a4,a3
 23e:	c398                	sw	a4,0(a5)
 240:	400216b7          	lui	a3,0x40021
 244:	6705                	lui	a4,0x1
 246:	429c                	lw	a5,0(a3)
 248:	8ff1                	and	a5,a5,a2
 24a:	c63e                	sw	a5,12(sp)
 24c:	47a2                	lw	a5,8(sp)
 24e:	0785                	addi	a5,a5,1
 250:	c43e                	sw	a5,8(sp)
 252:	47b2                	lw	a5,12(sp)
 254:	e781                	bnez	a5,25c <SystemInit+0x6e>
 256:	47a2                	lw	a5,8(sp)
 258:	fee797e3          	bne	a5,a4,246 <SystemInit+0x58>
 25c:	400217b7          	lui	a5,0x40021
 260:	439c                	lw	a5,0(a5)
 262:	00e79713          	slli	a4,a5,0xe
 266:	06075763          	bgez	a4,2d4 <SystemInit+0xe6>
 26a:	4785                	li	a5,1
 26c:	c63e                	sw	a5,12(sp)
 26e:	4732                	lw	a4,12(sp)
 270:	4785                	li	a5,1
 272:	04f71f63          	bne	a4,a5,2d0 <SystemInit+0xe2>
 276:	400217b7          	lui	a5,0x40021
 27a:	43d8                	lw	a4,4(a5)
 27c:	ffc106b7          	lui	a3,0xffc10
 280:	16fd                	addi	a3,a3,-1
 282:	c3d8                	sw	a4,4(a5)
 284:	43d8                	lw	a4,4(a5)
 286:	c3d8                	sw	a4,4(a5)
 288:	43d8                	lw	a4,4(a5)
 28a:	40076713          	ori	a4,a4,1024
 28e:	c3d8                	sw	a4,4(a5)
 290:	43d8                	lw	a4,4(a5)
 292:	8f75                	and	a4,a4,a3
 294:	c3d8                	sw	a4,4(a5)
 296:	43d8                	lw	a4,4(a5)
 298:	001d06b7          	lui	a3,0x1d0
 29c:	8f55                	or	a4,a4,a3
 29e:	c3d8                	sw	a4,4(a5)
 2a0:	4398                	lw	a4,0(a5)
 2a2:	010006b7          	lui	a3,0x1000
 2a6:	8f55                	or	a4,a4,a3
 2a8:	c398                	sw	a4,0(a5)
 2aa:	4398                	lw	a4,0(a5)
 2ac:	00671693          	slli	a3,a4,0x6
 2b0:	fe06dde3          	bgez	a3,2aa <SystemInit+0xbc>
 2b4:	43d8                	lw	a4,4(a5)
 2b6:	400216b7          	lui	a3,0x40021
 2ba:	9b71                	andi	a4,a4,-4
 2bc:	c3d8                	sw	a4,4(a5)
 2be:	43d8                	lw	a4,4(a5)
 2c0:	00276713          	ori	a4,a4,2
 2c4:	c3d8                	sw	a4,4(a5)
 2c6:	4721                	li	a4,8
 2c8:	42dc                	lw	a5,4(a3)
 2ca:	8bb1                	andi	a5,a5,12
 2cc:	fee79ee3          	bne	a5,a4,2c8 <SystemInit+0xda>
 2d0:	0141                	addi	sp,sp,16
 2d2:	8082                	ret
 2d4:	c602                	sw	zero,12(sp)
 2d6:	bf61                	j	26e <SystemInit+0x80>
 2d8:	a001                	j	2d8 <SystemInit+0xea>
 2da:	a001                	j	2da <SystemInit+0xec>

000002dc <Ecall_M_Mode_Handler>:
 2dc:	a001                	j	2dc <Ecall_M_Mode_Handler>

000002de <Ecall_U_Mode_Handler>:
 2de:	a001                	j	2de <Ecall_U_Mode_Handler>

000002e0 <Break_Point_Handler>:
 2e0:	a001                	j	2e0 <Break_Point_Handler>

000002e2 <SysTick_Handler>:
 2e2:	a001                	j	2e2 <SysTick_Handler>

000002e4 <SW_Handler>:
 2e4:	a001                	j	2e4 <SW_Handler>

000002e6 <WWDG_IRQHandler>:
 2e6:	a001                	j	2e6 <WWDG_IRQHandler>

000002e8 <PVD_IRQHandler>:
 2e8:	a001                	j	2e8 <PVD_IRQHandler>

000002ea <TAMPER_IRQHandler>:
 2ea:	a001                	j	2ea <TAMPER_IRQHandler>

000002ec <RTC_IRQHandler>:
 2ec:	a001                	j	2ec <RTC_IRQHandler>

000002ee <FLASH_IRQHandler>:
 2ee:	a001                	j	2ee <FLASH_IRQHandler>

000002f0 <RCC_IRQHandler>:
 2f0:	a001                	j	2f0 <RCC_IRQHandler>

000002f2 <EXTI0_IRQHandler>:
 2f2:	a001                	j	2f2 <EXTI0_IRQHandler>

000002f4 <EXTI1_IRQHandler>:
 2f4:	a001                	j	2f4 <EXTI1_IRQHandler>

000002f6 <EXTI2_IRQHandler>:
 2f6:	a001                	j	2f6 <EXTI2_IRQHandler>

000002f8 <EXTI3_IRQHandler>:
 2f8:	a001                	j	2f8 <EXTI3_IRQHandler>

000002fa <EXTI4_IRQHandler>:
 2fa:	a001                	j	2fa <EXTI4_IRQHandler>

000002fc <DMA1_Channel1_IRQHandler>:
 2fc:	a001                	j	2fc <DMA1_Channel1_IRQHandler>

000002fe <DMA1_Channel2_IRQHandler>:
 2fe:	a001                	j	2fe <DMA1_Channel2_IRQHandler>

00000300 <DMA1_Channel3_IRQHandler>:
 300:	a001                	j	300 <DMA1_Channel3_IRQHandler>

00000302 <DMA1_Channel4_IRQHandler>:
 302:	a001                	j	302 <DMA1_Channel4_IRQHandler>

00000304 <DMA1_Channel5_IRQHandler>:
 304:	a001                	j	304 <DMA1_Channel5_IRQHandler>

00000306 <DMA1_Channel6_IRQHandler>:
 306:	a001                	j	306 <DMA1_Channel6_IRQHandler>

00000308 <DMA1_Channel7_IRQHandler>:
 308:	a001                	j	308 <DMA1_Channel7_IRQHandler>

0000030a <ADC1_2_IRQHandler>:
 30a:	a001                	j	30a <ADC1_2_IRQHandler>

0000030c <USB_HP_CAN1_TX_IRQHandler>:
 30c:	a001                	j	30c <USB_HP_CAN1_TX_IRQHandler>

0000030e <USB_LP_CAN1_RX0_IRQHandler>:
 30e:	a001                	j	30e <USB_LP_CAN1_RX0_IRQHandler>

00000310 <CAN1_RX1_IRQHandler>:
 310:	a001                	j	310 <CAN1_RX1_IRQHandler>

00000312 <CAN1_SCE_IRQHandler>:
 312:	a001                	j	312 <CAN1_SCE_IRQHandler>

00000314 <EXTI9_5_IRQHandler>:
 314:	a001                	j	314 <EXTI9_5_IRQHandler>

00000316 <TIM1_BRK_IRQHandler>:
 316:	a001                	j	316 <TIM1_BRK_IRQHandler>

00000318 <TIM1_UP_IRQHandler>:
 318:	a001                	j	318 <TIM1_UP_IRQHandler>

0000031a <TIM1_TRG_COM_IRQHandler>:
 31a:	a001                	j	31a <TIM1_TRG_COM_IRQHandler>

0000031c <TIM1_CC_IRQHandler>:
 31c:	a001                	j	31c <TIM1_CC_IRQHandler>

0000031e <TIM2_IRQHandler>:
 31e:	a001                	j	31e <TIM2_IRQHandler>

00000320 <TIM3_IRQHandler>:
 320:	a001                	j	320 <TIM3_IRQHandler>

00000322 <TIM4_IRQHandler>:
 322:	a001                	j	322 <TIM4_IRQHandler>

00000324 <I2C1_EV_IRQHandler>:
 324:	a001                	j	324 <I2C1_EV_IRQHandler>

00000326 <I2C1_ER_IRQHandler>:
 326:	a001                	j	326 <I2C1_ER_IRQHandler>

00000328 <I2C2_EV_IRQHandler>:
 328:	a001                	j	328 <I2C2_EV_IRQHandler>

0000032a <I2C2_ER_IRQHandler>:
 32a:	a001                	j	32a <I2C2_ER_IRQHandler>

0000032c <SPI1_IRQHandler>:
 32c:	a001                	j	32c <SPI1_IRQHandler>

0000032e <SPI2_IRQHandler>:
 32e:	a001                	j	32e <SPI2_IRQHandler>

00000330 <USART1_IRQHandler>:
 330:	a001                	j	330 <USART1_IRQHandler>

00000332 <USART2_IRQHandler>:
 332:	a001                	j	332 <USART2_IRQHandler>

00000334 <USART3_IRQHandler>:
 334:	a001                	j	334 <USART3_IRQHandler>

00000336 <EXTI15_10_IRQHandler>:
 336:	a001                	j	336 <EXTI15_10_IRQHandler>

00000338 <RTCAlarm_IRQHandler>:
 338:	a001                	j	338 <RTCAlarm_IRQHandler>

0000033a <USBWakeUp_IRQHandler>:
 33a:	a001                	j	33a <USBWakeUp_IRQHandler>

0000033c <USBHD_IRQHandler>:
 33c:	a001                	j	33c <USBHD_IRQHandler>

0000033e <USBHDWakeUp_IRQHandler>:
 33e:	a001                	j	33e <USBHDWakeUp_IRQHandler>

00000340 <UART4_IRQHandler>:
 340:	a001                	j	340 <UART4_IRQHandler>

00000342 <DMA1_Channel8_IRQHandler>:
 342:	a001                	j	342 <DMA1_Channel8_IRQHandler>

00000344 <handle_reset>:
 344:	20000197          	auipc	gp,0x20000
 348:	4bc18193          	addi	gp,gp,1212 # 20000800 <__global_pointer$>
 34c:	20005117          	auipc	sp,0x20005
 350:	cb410113          	addi	sp,sp,-844 # 20005000 <_eusrstack>
 354:	59400513          	li	a0,1428
 358:	20000597          	auipc	a1,0x20000
 35c:	ca858593          	addi	a1,a1,-856 # 20000000 <_data_vma>
 360:	80818613          	addi	a2,gp,-2040 # 20000008 <_edata>
 364:	00c5fa63          	bgeu	a1,a2,378 <handle_reset+0x34>
 368:	00052283          	lw	t0,0(a0)
 36c:	0055a023          	sw	t0,0(a1)
 370:	0511                	addi	a0,a0,4
 372:	0591                	addi	a1,a1,4
 374:	fec5eae3          	bltu	a1,a2,368 <handle_reset+0x24>
 378:	80818513          	addi	a0,gp,-2040 # 20000008 <_edata>
 37c:	81018593          	addi	a1,gp,-2032 # 20000010 <_ebss>
 380:	00b57763          	bgeu	a0,a1,38e <handle_reset+0x4a>
 384:	00052023          	sw	zero,0(a0)
 388:	0511                	addi	a0,a0,4
 38a:	feb56de3          	bltu	a0,a1,384 <handle_reset+0x40>
 38e:	42fd                	li	t0,31
 390:	bc029073          	csrw	0xbc0,t0
 394:	428d                	li	t0,3
 396:	80429073          	csrw	0x804,t0
 39a:	08800293          	li	t0,136
 39e:	3002a073          	csrs	mstatus,t0
 3a2:	00000297          	auipc	t0,0x0
 3a6:	c9628293          	addi	t0,t0,-874 # 38 <_einit>
 3aa:	0032e293          	ori	t0,t0,3
 3ae:	30529073          	csrw	mtvec,t0
 3b2:	e3dff0ef          	jal	ra,1ee <SystemInit>
 3b6:	00000297          	auipc	t0,0x0
 3ba:	df028293          	addi	t0,t0,-528 # 1a6 <main>
 3be:	34129073          	csrw	mepc,t0
 3c2:	30200073          	mret

000003c6 <GPIO_Init>:
 3c6:	459c                	lw	a5,8(a1)
 3c8:	0107f713          	andi	a4,a5,16
 3cc:	00f7f813          	andi	a6,a5,15
 3d0:	c701                	beqz	a4,3d8 <GPIO_Init+0x12>
 3d2:	41d8                	lw	a4,4(a1)
 3d4:	00e86833          	or	a6,a6,a4
 3d8:	40022737          	lui	a4,0x40022
 3dc:	5b14                	lw	a3,48(a4)
 3de:	0f000737          	lui	a4,0xf000
 3e2:	8f75                	and	a4,a4,a3
 3e4:	eb4d                	bnez	a4,496 <GPIO_Init+0xd0>
 3e6:	4685                	li	a3,1
 3e8:	80d18423          	sb	a3,-2040(gp) # 20000008 <_edata>
 3ec:	40011737          	lui	a4,0x40011
 3f0:	00e51563          	bne	a0,a4,3fa <GPIO_Init+0x34>
 3f4:	219a                	lhu	a4,0(a1)
 3f6:	8335                	srli	a4,a4,0xd
 3f8:	a19a                	sh	a4,0(a1)
 3fa:	218e                	lhu	a1,0(a1)
 3fc:	0ff5f713          	andi	a4,a1,255
 400:	c339                	beqz	a4,446 <GPIO_Init+0x80>
 402:	4118                	lw	a4,0(a0)
 404:	4681                	li	a3,0
 406:	4e85                	li	t4,1
 408:	4f3d                	li	t5,15
 40a:	02800f93          	li	t6,40
 40e:	04800293          	li	t0,72
 412:	4e21                	li	t3,8
 414:	00de9633          	sll	a2,t4,a3
 418:	00c5f8b3          	and	a7,a1,a2
 41c:	03161163          	bne	a2,a7,43e <GPIO_Init+0x78>
 420:	00269893          	slli	a7,a3,0x2
 424:	011f1333          	sll	t1,t5,a7
 428:	fff34313          	not	t1,t1
 42c:	00e37733          	and	a4,t1,a4
 430:	011818b3          	sll	a7,a6,a7
 434:	00e8e733          	or	a4,a7,a4
 438:	07f79763          	bne	a5,t6,4a6 <GPIO_Init+0xe0>
 43c:	c950                	sw	a2,20(a0)
 43e:	0685                	addi	a3,a3,1
 440:	fdc69ae3          	bne	a3,t3,414 <GPIO_Init+0x4e>
 444:	c118                	sw	a4,0(a0)
 446:	0ff00713          	li	a4,255
 44a:	04b77563          	bgeu	a4,a1,494 <GPIO_Init+0xce>
 44e:	4154                	lw	a3,4(a0)
 450:	4621                	li	a2,8
 452:	4e85                	li	t4,1
 454:	4f3d                	li	t5,15
 456:	02800f93          	li	t6,40
 45a:	04800293          	li	t0,72
 45e:	4e41                	li	t3,16
 460:	00ce98b3          	sll	a7,t4,a2
 464:	0115f733          	and	a4,a1,a7
 468:	02e89263          	bne	a7,a4,48c <GPIO_Init+0xc6>
 46c:	00261713          	slli	a4,a2,0x2
 470:	1701                	addi	a4,a4,-32
 472:	00ef1333          	sll	t1,t5,a4
 476:	fff34313          	not	t1,t1
 47a:	00d376b3          	and	a3,t1,a3
 47e:	00e81733          	sll	a4,a6,a4
 482:	8ed9                	or	a3,a3,a4
 484:	03f79563          	bne	a5,t6,4ae <GPIO_Init+0xe8>
 488:	01152a23          	sw	a7,20(a0)
 48c:	0605                	addi	a2,a2,1
 48e:	fdc619e3          	bne	a2,t3,460 <GPIO_Init+0x9a>
 492:	c154                	sw	a3,4(a0)
 494:	8082                	ret
 496:	40011737          	lui	a4,0x40011
 49a:	f6e510e3          	bne	a0,a4,3fa <GPIO_Init+0x34>
 49e:	8081c703          	lbu	a4,-2040(gp) # 20000008 <_edata>
 4a2:	df21                	beqz	a4,3fa <GPIO_Init+0x34>
 4a4:	bf81                	j	3f4 <GPIO_Init+0x2e>
 4a6:	f8579ce3          	bne	a5,t0,43e <GPIO_Init+0x78>
 4aa:	c910                	sw	a2,16(a0)
 4ac:	bf49                	j	43e <GPIO_Init+0x78>
 4ae:	fc579fe3          	bne	a5,t0,48c <GPIO_Init+0xc6>
 4b2:	01152823          	sw	a7,16(a0)
 4b6:	bfd9                	j	48c <GPIO_Init+0xc6>

000004b8 <GPIO_SetBits>:
 4b8:	400117b7          	lui	a5,0x40011
 4bc:	00f51663          	bne	a0,a5,4c8 <GPIO_SetBits+0x10>
 4c0:	8081c783          	lbu	a5,-2040(gp) # 20000008 <_edata>
 4c4:	c391                	beqz	a5,4c8 <GPIO_SetBits+0x10>
 4c6:	81b5                	srli	a1,a1,0xd
 4c8:	c90c                	sw	a1,16(a0)
 4ca:	8082                	ret

000004cc <GPIO_WriteBit>:
 4cc:	400117b7          	lui	a5,0x40011
 4d0:	00f51663          	bne	a0,a5,4dc <GPIO_WriteBit+0x10>
 4d4:	8081c783          	lbu	a5,-2040(gp) # 20000008 <_edata>
 4d8:	c391                	beqz	a5,4dc <GPIO_WriteBit+0x10>
 4da:	81b5                	srli	a1,a1,0xd
 4dc:	c219                	beqz	a2,4e2 <GPIO_WriteBit+0x16>
 4de:	c90c                	sw	a1,16(a0)
 4e0:	8082                	ret
 4e2:	c94c                	sw	a1,20(a0)
 4e4:	8082                	ret

000004e6 <RCC_APB2PeriphClockCmd>:
 4e6:	c599                	beqz	a1,4f4 <RCC_APB2PeriphClockCmd+0xe>
 4e8:	40021737          	lui	a4,0x40021
 4ec:	4f1c                	lw	a5,24(a4)
 4ee:	8d5d                	or	a0,a0,a5
 4f0:	cf08                	sw	a0,24(a4)
 4f2:	8082                	ret
 4f4:	400217b7          	lui	a5,0x40021
 4f8:	4f98                	lw	a4,24(a5)
 4fa:	fff54513          	not	a0,a0
 4fe:	8d79                	and	a0,a0,a4
 500:	cf88                	sw	a0,24(a5)
 502:	8082                	ret

00000504 <LED_Init>:
 504:	c6dff2ef          	jal	t0,170 <__riscv_save_0>
 508:	1141                	addi	sp,sp,-16
 50a:	4585                	li	a1,1
 50c:	4511                	li	a0,4
 50e:	3fe1                	jal	4e6 <RCC_APB2PeriphClockCmd>
 510:	478d                	li	a5,3
 512:	40011437          	lui	s0,0x40011
 516:	827c                	sh	a5,4(sp)
 518:	47c1                	li	a5,16
 51a:	c63e                	sw	a5,12(sp)
 51c:	004c                	addi	a1,sp,4
 51e:	478d                	li	a5,3
 520:	80040513          	addi	a0,s0,-2048 # 40010800 <_eusrstack+0x2000b800>
 524:	c43e                	sw	a5,8(sp)
 526:	3545                	jal	3c6 <GPIO_Init>
 528:	458d                	li	a1,3
 52a:	80040513          	addi	a0,s0,-2048
 52e:	3769                	jal	4b8 <GPIO_SetBits>
 530:	0141                	addi	sp,sp,16
 532:	b18d                	j	194 <__riscv_restore_0>

00000534 <Delay_Init>:
 534:	200007b7          	lui	a5,0x20000
 538:	0007a783          	lw	a5,0(a5) # 20000000 <_data_vma>
 53c:	007a1737          	lui	a4,0x7a1
 540:	20070713          	addi	a4,a4,512 # 7a1200 <__stack_size+0x7a0a00>
 544:	02e7d7b3          	divu	a5,a5,a4
 548:	0ff7f793          	andi	a5,a5,255
 54c:	80f18623          	sb	a5,-2036(gp) # 2000000c <p_us>
 550:	3e800713          	li	a4,1000
 554:	02e787b3          	mul	a5,a5,a4
 558:	80f19523          	sh	a5,-2038(gp) # 2000000a <p_ms>
 55c:	8082                	ret

0000055e <Delay_Ms>:
 55e:	e000f7b7          	lui	a5,0xe000f
 562:	43d8                	lw	a4,4(a5)
 564:	4681                	li	a3,0
 566:	9b79                	andi	a4,a4,-2
 568:	c3d8                	sw	a4,4(a5)
 56a:	80a1d703          	lhu	a4,-2038(gp) # 2000000a <p_ms>
 56e:	02a70633          	mul	a2,a4,a0
 572:	cb90                	sw	a2,16(a5)
 574:	cbd4                	sw	a3,20(a5)
 576:	4398                	lw	a4,0(a5)
 578:	01076713          	ori	a4,a4,16
 57c:	c398                	sw	a4,0(a5)
 57e:	4398                	lw	a4,0(a5)
 580:	02176713          	ori	a4,a4,33
 584:	c398                	sw	a4,0(a5)
 586:	43d8                	lw	a4,4(a5)
 588:	8b05                	andi	a4,a4,1
 58a:	df75                	beqz	a4,586 <Delay_Ms+0x28>
 58c:	4398                	lw	a4,0(a5)
 58e:	9b79                	andi	a4,a4,-2
 590:	c398                	sw	a4,0(a5)
 592:	8082                	ret
